<?xml version="1.0" encoding="UTF-8"?>
<!-- Generated by org.testng.reporters.JUnitXMLReporter -->
<testsuite ignored="0" hostname="LENOVO" failures="0" tests="1" name="Test" time="0.029" errors="0" timestamp="2024-02-16T13:05:46 IST">
  <testcase classname="smokeTests.taskScenario" name="@BeforeSuite myBefore" time="-1.708081546409E9">
    <failure type="org.testng.TestNGException" message="
Parameter &amp;apos;browser&amp;apos; is required by BeforeSuite on method myBefore but has not been marked @Optional or defined
in C:\Users\Ibrahim\eclipse-workspace\finalTask\testng.xml">
      <![CDATA[org.testng.TestNGException: 
Parameter 'browser' is required by BeforeSuite on method myBefore but has not been marked @Optional or defined
in C:\Users\Ibrahim\eclipse-workspace\finalTask\testng.xml
... Removed 16 stack frames]]>
    </failure>
  </testcase> <!-- @BeforeSuite myBefore -->
  <testcase classname="smokeTests.taskScenario" name="placeOrderFunctionality" time="0.0">
    <skipped/>
  </testcase> <!-- placeOrderFunctionality -->
</testsuite> <!-- Test -->
